<?xml version="1.0" encoding="UTF-8"?>
<testng-results ignored="0" total="2" passed="2" failed="0" skipped="0">
  <reporter-output>
  </reporter-output>
  <suite started-at="2024-02-28T00:54:32 IST" name="Surefire suite" finished-at="2024-02-28T00:54:42 IST" duration-ms="9506">
    <groups>
    </groups>
    <test started-at="2024-02-28T00:54:32 IST" name="Surefire test" finished-at="2024-02-28T00:54:42 IST" duration-ms="9506">
      <class name="com.example.test.AppTest">
        <test-method is-config="true" signature="setUp()[pri:0, instance:com.example.test.AppTest@5939a379]" started-at="2024-02-28T00:54:31 IST" name="setUp" finished-at="2024-02-28T00:54:32 IST" duration-ms="1234" status="PASS">
          <reporter-output>
          </reporter-output>
        </test-method> <!-- setUp -->
        <test-method signature="test1()[pri:0, instance:com.example.test.AppTest@5939a379]" started-at="2024-02-28T00:54:32 IST" name="test1" finished-at="2024-02-28T00:54:36 IST" duration-ms="4352" status="PASS">
          <reporter-output>
          </reporter-output>
        </test-method> <!-- test1 -->
        <test-method signature="multipleWindow()[pri:1, instance:com.example.test.AppTest@5939a379]" started-at="2024-02-28T00:54:36 IST" name="multipleWindow" finished-at="2024-02-28T00:54:42 IST" duration-ms="5131" status="PASS">
          <reporter-output>
          </reporter-output>
        </test-method> <!-- multipleWindow -->
        <test-method is-config="true" signature="tearDown()[pri:0, instance:com.example.test.AppTest@5939a379]" started-at="2024-02-28T00:54:42 IST" name="tearDown" finished-at="2024-02-28T00:54:42 IST" duration-ms="116" status="PASS">
          <reporter-output>
          </reporter-output>
        </test-method> <!-- tearDown -->
      </class> <!-- com.example.test.AppTest -->
    </test> <!-- Surefire test -->
  </suite> <!-- Surefire suite -->
</testng-results>
